action: GLOB, msg: packaging
cwd: /home/aidan/dd/integrations-extras/pihole
cmd: /usr/bin/python3 setup.py sdist --formats=zip --dist-dir .tox/dist
running sdist
running egg_info
writing datadog_pihole.egg-info/PKG-INFO
writing dependency_links to datadog_pihole.egg-info/dependency_links.txt
writing requirements to datadog_pihole.egg-info/requires.txt
writing top-level names to datadog_pihole.egg-info/top_level.txt
reading manifest file 'datadog_pihole.egg-info/SOURCES.txt'
reading manifest template 'MANIFEST.in'
warning: no previously-included files matching '__pycache__' found anywhere in distribution
writing manifest file 'datadog_pihole.egg-info/SOURCES.txt'
running check
creating datadog-pihole-3.14.1
creating datadog-pihole-3.14.1/datadog_checks
creating datadog-pihole-3.14.1/datadog_checks/pihole
creating datadog-pihole-3.14.1/datadog_checks/pihole/data
creating datadog-pihole-3.14.1/datadog_pihole.egg-info
creating datadog-pihole-3.14.1/tests
copying files to datadog-pihole-3.14.1...
copying MANIFEST.in -> datadog-pihole-3.14.1
copying README.md -> datadog-pihole-3.14.1
copying manifest.json -> datadog-pihole-3.14.1
copying requirements-dev.txt -> datadog-pihole-3.14.1
copying requirements.in -> datadog-pihole-3.14.1
copying setup.py -> datadog-pihole-3.14.1
copying datadog_checks/__init__.py -> datadog-pihole-3.14.1/datadog_checks
copying datadog_checks/pihole/__about__.py -> datadog-pihole-3.14.1/datadog_checks/pihole
copying datadog_checks/pihole/__init__.py -> datadog-pihole-3.14.1/datadog_checks/pihole
copying datadog_checks/pihole/pihole.py -> datadog-pihole-3.14.1/datadog_checks/pihole
copying datadog_checks/pihole/data/conf.yaml.example -> datadog-pihole-3.14.1/datadog_checks/pihole/data
copying datadog_pihole.egg-info/PKG-INFO -> datadog-pihole-3.14.1/datadog_pihole.egg-info
copying datadog_pihole.egg-info/SOURCES.txt -> datadog-pihole-3.14.1/datadog_pihole.egg-info
copying datadog_pihole.egg-info/dependency_links.txt -> datadog-pihole-3.14.1/datadog_pihole.egg-info
copying datadog_pihole.egg-info/requires.txt -> datadog-pihole-3.14.1/datadog_pihole.egg-info
copying datadog_pihole.egg-info/top_level.txt -> datadog-pihole-3.14.1/datadog_pihole.egg-info
copying tests/README.md -> datadog-pihole-3.14.1/tests
copying tests/__init__.py -> datadog-pihole-3.14.1/tests
copying tests/conftest.py -> datadog-pihole-3.14.1/tests
copying tests/docker-compose.yaml -> datadog-pihole-3.14.1/tests
copying tests/test_pihole.py -> datadog-pihole-3.14.1/tests
Writing datadog-pihole-3.14.1/setup.cfg
creating '.tox/dist/datadog-pihole-3.14.1.zip' and adding 'datadog-pihole-3.14.1' to it
adding 'datadog-pihole-3.14.1'
adding 'datadog-pihole-3.14.1/tests'
adding 'datadog-pihole-3.14.1/datadog_pihole.egg-info'
adding 'datadog-pihole-3.14.1/datadog_checks'
adding 'datadog-pihole-3.14.1/setup.py'
adding 'datadog-pihole-3.14.1/MANIFEST.in'
adding 'datadog-pihole-3.14.1/PKG-INFO'
adding 'datadog-pihole-3.14.1/README.md'
adding 'datadog-pihole-3.14.1/manifest.json'
adding 'datadog-pihole-3.14.1/setup.cfg'
adding 'datadog-pihole-3.14.1/requirements.in'
adding 'datadog-pihole-3.14.1/requirements-dev.txt'
adding 'datadog-pihole-3.14.1/tests/README.md'
adding 'datadog-pihole-3.14.1/tests/test_pihole.py'
adding 'datadog-pihole-3.14.1/tests/conftest.py'
adding 'datadog-pihole-3.14.1/tests/docker-compose.yaml'
adding 'datadog-pihole-3.14.1/tests/__init__.py'
adding 'datadog-pihole-3.14.1/datadog_pihole.egg-info/dependency_links.txt'
adding 'datadog-pihole-3.14.1/datadog_pihole.egg-info/PKG-INFO'
adding 'datadog-pihole-3.14.1/datadog_pihole.egg-info/SOURCES.txt'
adding 'datadog-pihole-3.14.1/datadog_pihole.egg-info/requires.txt'
adding 'datadog-pihole-3.14.1/datadog_pihole.egg-info/top_level.txt'
adding 'datadog-pihole-3.14.1/datadog_checks/pihole'
adding 'datadog-pihole-3.14.1/datadog_checks/__init__.py'
adding 'datadog-pihole-3.14.1/datadog_checks/pihole/data'
adding 'datadog-pihole-3.14.1/datadog_checks/pihole/pihole.py'
adding 'datadog-pihole-3.14.1/datadog_checks/pihole/__about__.py'
adding 'datadog-pihole-3.14.1/datadog_checks/pihole/__init__.py'
adding 'datadog-pihole-3.14.1/datadog_checks/pihole/data/conf.yaml.example'
removing 'datadog-pihole-3.14.1' (and everything under it)
