action: py37, msg: getenv
cwd: /home/aidan/dd/integrations-extras/pihole
cmd: /home/aidan/dd/integrations-extras/pihole/.tox/py37/bin/python -m pip install 'datadog-checks-base[deps]>=6.6.0' -rrequirements-dev.txt
Collecting datadog-checks-base[deps]>=6.6.0
  Using cached datadog_checks_base-11.0.0-py2.py3-none-any.whl (145 kB)
Collecting datadog-checks-dev
  Using cached datadog_checks_dev-3.1.0-py2.py3-none-any.whl (185 kB)
Collecting pytz==2019.3; extra == "deps"
  Using cached pytz-2019.3-py2.py3-none-any.whl (509 kB)
Collecting ddtrace==0.32.2; extra == "deps"
  Using cached ddtrace-0.32.2-cp37-cp37m-manylinux1_x86_64.whl (597 kB)
Processing /home/aidan/.cache/pip/wheels/cb/75/d2/27e2ab67797a9f758a0de9cf76519e34628fcb45058d9a8f20/simplejson-3.6.5-cp37-cp37m-linux_x86_64.whl
Processing /home/aidan/.cache/pip/wheels/ae/ec/a5/a45b0788a4a199a7b39fc2e31caa6f13bfb6cb11bbeecc4f73/uptime-3.0.1-cp37-cp37m-linux_x86_64.whl
Collecting botocore==1.13.42; extra == "deps"
  Using cached botocore-1.13.42-py2.py3-none-any.whl (5.8 MB)
Processing /home/aidan/.cache/pip/wheels/59/ff/bf/9de10ecd55058196b61cd975afb8ff55a07d782c5a66707766/aws_requests_auth-0.4.2-py3-none-any.whl
Collecting six==1.12.0; extra == "deps"
  Using cached six-1.12.0-py2.py3-none-any.whl (10 kB)
Collecting binary==1.0.0; extra == "deps"
  Using cached binary-1.0.0-py2.py3-none-any.whl (9.2 kB)
Processing /home/aidan/.cache/pip/wheels/6a/03/0f/0b45ed18551b622ed7d3d883507fb57976d02b8a588f0056f0/prometheus_client-0.3.0-py3-none-any.whl
Collecting protobuf==3.7.0; extra == "deps"
  Using cached protobuf-3.7.0-cp37-cp37m-manylinux1_x86_64.whl (1.2 MB)
Processing /home/aidan/.cache/pip/wheels/77/f5/10/d00a2bd30928b972790053b5de0c703ca87324f3fead0f2fd9/PyYAML-5.1-cp37-cp37m-linux_x86_64.whl
Collecting requests==2.22.0; extra == "deps"
  Using cached requests-2.22.0-py2.py3-none-any.whl (57 kB)
Collecting pytest-mock
  Using cached pytest_mock-2.0.0-py2.py3-none-any.whl (10 kB)
Collecting mock
  Using cached mock-4.0.1-py3-none-any.whl (28 kB)
Collecting pytest-cov>=2.6.1
  Using cached pytest_cov-2.8.1-py2.py3-none-any.whl (18 kB)
Collecting coverage>=5.0.3
  Using cached coverage-5.0.3-cp37-cp37m-manylinux1_x86_64.whl (227 kB)
Processing /home/aidan/.cache/pip/wheels/b6/e7/50/aee9cc966163d74430f13f208171dee22f11efa4a4a826661c/psutil-5.7.0-cp37-cp37m-linux_x86_64.whl
Collecting pytest-benchmark>=3.2.1
  Using cached pytest_benchmark-3.2.3-py2.py3-none-any.whl (49 kB)
Collecting pytest
  Using cached pytest-5.3.5-py3-none-any.whl (235 kB)
Collecting urllib3<1.26,>=1.20; python_version >= "3.4"
  Using cached urllib3-1.25.8-py2.py3-none-any.whl (125 kB)
Collecting docutils<0.16,>=0.10
  Using cached docutils-0.15.2-py3-none-any.whl (547 kB)
Collecting jmespath<1.0.0,>=0.7.1
  Using cached jmespath-0.9.5-py2.py3-none-any.whl (24 kB)
Collecting python-dateutil<2.8.1,>=2.1; python_version >= "2.7"
  Using cached python_dateutil-2.8.0-py2.py3-none-any.whl (226 kB)
Requirement already satisfied: setuptools in ./.tox/py37/lib/python3.7/site-packages (from protobuf==3.7.0; extra == "deps"->datadog-checks-base[deps]>=6.6.0) (45.2.0)
Collecting chardet<3.1.0,>=3.0.2
  Using cached chardet-3.0.4-py2.py3-none-any.whl (133 kB)
Collecting idna<2.9,>=2.5
  Using cached idna-2.8-py2.py3-none-any.whl (58 kB)
Collecting certifi>=2017.4.17
  Using cached certifi-2019.11.28-py2.py3-none-any.whl (156 kB)
Processing /home/aidan/.cache/pip/wheels/e7/3b/8e/2b1f0f6cc651cd381bb5806e5005820c6986867c46f3536101/py_cpuinfo-5.0.0-py3-none-any.whl
Collecting pluggy<1.0,>=0.12
  Using cached pluggy-0.13.1-py2.py3-none-any.whl (18 kB)
Collecting packaging
  Using cached packaging-20.1-py2.py3-none-any.whl (36 kB)
Collecting more-itertools>=4.0.0
  Using cached more_itertools-8.2.0-py3-none-any.whl (43 kB)
Collecting wcwidth
  Using cached wcwidth-0.1.8-py2.py3-none-any.whl (17 kB)
Collecting importlib-metadata>=0.12; python_version < "3.8"
  Using cached importlib_metadata-1.5.0-py2.py3-none-any.whl (30 kB)
Collecting py>=1.5.0
  Using cached py-1.8.1-py2.py3-none-any.whl (83 kB)
Collecting attrs>=17.4.0
  Using cached attrs-19.3.0-py2.py3-none-any.whl (39 kB)
Collecting pyparsing>=2.0.2
  Using cached pyparsing-2.4.6-py2.py3-none-any.whl (67 kB)
Collecting zipp>=0.5
  Using cached zipp-3.1.0-py3-none-any.whl (4.9 kB)
ERROR: datadog-checks-dev 3.1.0 has requirement PyYAML>=5.3, but you'll have pyyaml 5.1 which is incompatible.
Installing collected packages: pytz, psutil, ddtrace, simplejson, uptime, urllib3, docutils, jmespath, six, python-dateutil, botocore, chardet, idna, certifi, requests, aws-requests-auth, binary, prometheus-client, protobuf, pyyaml, datadog-checks-base, zipp, importlib-metadata, pluggy, pyparsing, packaging, more-itertools, wcwidth, py, attrs, pytest, pytest-mock, mock, coverage, pytest-cov, py-cpuinfo, pytest-benchmark, datadog-checks-dev
Successfully installed attrs-19.3.0 aws-requests-auth-0.4.2 binary-1.0.0 botocore-1.13.42 certifi-2019.11.28 chardet-3.0.4 coverage-5.0.3 datadog-checks-base-11.0.0 datadog-checks-dev-3.1.0 ddtrace-0.32.2 docutils-0.15.2 idna-2.8 importlib-metadata-1.5.0 jmespath-0.9.5 mock-4.0.1 more-itertools-8.2.0 packaging-20.1 pluggy-0.13.1 prometheus-client-0.3.0 protobuf-3.7.0 psutil-5.7.0 py-1.8.1 py-cpuinfo-5.0.0 pyparsing-2.4.6 pytest-5.3.5 pytest-benchmark-3.2.3 pytest-cov-2.8.1 pytest-mock-2.0.0 python-dateutil-2.8.0 pytz-2019.3 pyyaml-5.1 requests-2.22.0 simplejson-3.6.5 six-1.12.0 uptime-3.0.1 urllib3-1.25.8 wcwidth-0.1.8 zipp-3.1.0
