action: style, msg: getenv
cwd: /home/aidan/dd/integrations-extras/pihole
cmd: /home/aidan/dd/integrations-extras/pihole/.tox/style/bin/python -m pip install flake8 flake8-bugbear flake8-logging-format black 'isort[pyproject]>=4.3.15'
Collecting flake8
  Using cached flake8-3.7.9-py2.py3-none-any.whl (69 kB)
Collecting flake8-bugbear
  Using cached flake8_bugbear-20.1.4-py36.py37.py38-none-any.whl (15 kB)
Processing /home/aidan/.cache/pip/wheels/72/60/30/73a6c5cf3395f9d7c8f90fe9299ceeee8e04b6e05bf38f773c/flake8_logging_format-0.6.0-py2.py3-none-any.whl
Collecting black
  Using cached black-19.10b0-py36-none-any.whl (97 kB)
Collecting isort[pyproject]>=4.3.15
  Using cached isort-4.3.21-py2.py3-none-any.whl (42 kB)
Collecting mccabe<0.7.0,>=0.6.0
  Using cached mccabe-0.6.1-py2.py3-none-any.whl (8.6 kB)
Collecting pycodestyle<2.6.0,>=2.5.0
  Using cached pycodestyle-2.5.0-py2.py3-none-any.whl (51 kB)
Collecting pyflakes<2.2.0,>=2.1.0
  Using cached pyflakes-2.1.1-py2.py3-none-any.whl (59 kB)
Collecting entrypoints<0.4.0,>=0.3.0
  Using cached entrypoints-0.3-py2.py3-none-any.whl (11 kB)
Collecting attrs>=19.2.0
  Using cached attrs-19.3.0-py2.py3-none-any.whl (39 kB)
Collecting toml>=0.9.4
  Using cached toml-0.10.0-py2.py3-none-any.whl (25 kB)
Collecting typed-ast>=1.4.0
  Using cached typed_ast-1.4.1-cp37-cp37m-manylinux1_x86_64.whl (737 kB)
Collecting regex
  Using cached regex-2020.2.20-cp37-cp37m-manylinux2010_x86_64.whl (689 kB)
Collecting pathspec<1,>=0.6
  Using cached pathspec-0.7.0-py2.py3-none-any.whl (25 kB)
Collecting appdirs
  Using cached appdirs-1.4.3-py2.py3-none-any.whl (12 kB)
Collecting click>=6.5
  Using cached Click-7.0-py2.py3-none-any.whl (81 kB)
Installing collected packages: mccabe, pycodestyle, pyflakes, entrypoints, flake8, attrs, flake8-bugbear, flake8-logging-format, toml, typed-ast, regex, pathspec, appdirs, click, black, isort
Successfully installed appdirs-1.4.3 attrs-19.3.0 black-19.10b0 click-7.0 entrypoints-0.3 flake8-3.7.9 flake8-bugbear-20.1.4 flake8-logging-format-0.6.0 isort-4.3.21 mccabe-0.6.1 pathspec-0.7.0 pycodestyle-2.5.0 pyflakes-2.1.1 regex-2020.2.20 toml-0.10.0 typed-ast-1.4.1
